-------------------------------------------------------------------------------
Test set: com.mytelco.customerbff.family.FamilyRolesControllerTest
-------------------------------------------------------------------------------
Tests run: 3, Failures: 1, Errors: 0, Skipped: 0, Time elapsed: 0.078 s <<< FAILURE! -- in com.mytelco.customerbff.family.FamilyRolesControllerTest
com.mytelco.customerbff.family.FamilyRolesControllerTest.updateRole_forwardsRequest -- Time elapsed: 0.002 s <<< FAILURE!
java.lang.AssertionError: Status expected:<200> but was:<403>
	at org.springframework.test.util.AssertionErrors.fail(AssertionErrors.java:59)
	at org.springframework.test.util.AssertionErrors.assertEquals(AssertionErrors.java:122)
	at org.springframework.test.web.servlet.result.StatusResultMatchers.lambda$matcher$9(StatusResultMatchers.java:637)
	at org.springframework.test.web.servlet.MockMvc$1.andExpect(MockMvc.java:214)
	at com.mytelco.customerbff.family.FamilyRolesControllerTest.updateRole_forwardsRequest(FamilyRolesControllerTest.java:74)
	at java.base/java.lang.reflect.Method.invoke(Method.java:565)
	at java.base/java.util.ArrayList.forEach(ArrayList.java:1604)
	at java.base/java.util.ArrayList.forEach(ArrayList.java:1604)

