<?xml version="1.0" encoding="UTF-8"?>
<testsuite xmlns:xsi="http://www.w3.org/2001/XMLSchema-instance" xsi:noNamespaceSchemaLocation="https://maven.apache.org/surefire/maven-surefire-plugin/xsd/surefire-test-report-3.0.xsd" version="3.0" name="com.mytelco.customerbff.CustomerDashboardControllerTest" time="0.068" tests="3" errors="0" skipped="0" failures="0">
  <properties>
[...]
</properties>
  <testcase name="getUsageDetails_daily_shouldReturnThresholdCrossings" classname="com.mytelco.customerbff.CustomerDashboardControllerTest" time="0.006">
    <system-out><![CDATA[2026-03-13T12:12:47.625Z  INFO 74896 --- [customer-bff] [           main] .b.t.c.SpringBootTestContextBootstrapper : Found @SpringBootConfiguration com.mytelco.customerbff.CustomerBffApplication for test class com.mytelco.customerbff.CustomerDashboardControllerTest
  .   ____          _            __ _ _
 /\\ / ___'_ __ _ _(_)_ __  __ _ \ \ \ \
( ( )\___ | '_ | '_| | '_ \/ _` | \ \ \ \
 \\/  ___)| |_)| | | | | || (_| |  ) ) ) )
  '  |____| .__|_| |_|_| |_\__, | / / / /
 =========|_|==============|___/=/_/_/_/

 :: Spring Boot ::                (v3.3.0)

2026-03-13T12:12:47.631Z  INFO 74896 --- [customer-bff] [           main] c.m.c.CustomerDashboardControllerTest    : Starting CustomerDashboardControllerTest using Java 25.0.2 with PID 74896 (started by ee02217 in /Users/ee02217/.openclaw/workspace-richard/MyTelcoWhiteLabel/bff/customer-bff)
2026-03-13T12:12:47.631Z DEBUG 74896 --- [customer-bff] [           main] c.m.c.CustomerDashboardControllerTest    : Running with Spring Boot v3.3.0, Spring v6.1.8
2026-03-13T12:12:47.631Z  INFO 74896 --- [customer-bff] [           main] c.m.c.CustomerDashboardControllerTest    : No active profile set, falling back to 1 default profile: "default"
2026-03-13T12:12:47.674Z DEBUG 74896 --- [customer-bff] [           main] swordEncoderAuthenticationManagerBuilder : No authenticationProviders and no parentAuthenticationManager defined. Returning null.
2026-03-13T12:12:47.674Z  INFO 74896 --- [customer-bff] [           main] o.s.s.web.DefaultSecurityFilterChain     : Will secure any request with [org.springframework.security.web.session.DisableEncodeUrlFilter@19324eab, org.springframework.security.web.context.request.async.WebAsyncManagerIntegrationFilter@2dad7323, org.springframework.security.web.context.SecurityContextHolderFilter@65f809cb, org.springframework.security.web.header.HeaderWriterFilter@4bbc9862, org.springframework.web.filter.CorsFilter@20bd3082, org.springframework.security.web.csrf.CsrfFilter@751df26c, org.springframework.security.web.authentication.logout.LogoutFilter@20f1e26, org.springframework.security.oauth2.server.resource.web.authentication.BearerTokenAuthenticationFilter@26cd77cc, org.springframework.security.web.savedrequest.RequestCacheAwareFilter@7fec198a, org.springframework.security.web.servletapi.SecurityContextHolderAwareRequestFilter@8cc1bac, org.springframework.security.web.authentication.AnonymousAuthenticationFilter@6d03404e, org.springframework.security.web.access.ExceptionTranslationFilter@4dc74211, org.springframework.security.web.access.intercept.AuthorizationFilter@3087b35f]
2026-03-13T12:12:47.676Z  INFO 74896 --- [customer-bff] [           main] o.s.b.t.m.w.SpringBootMockServletContext : Initializing Spring TestDispatcherServlet ''
2026-03-13T12:12:47.676Z  INFO 74896 --- [customer-bff] [           main] o.s.t.web.servlet.TestDispatcherServlet  : Initializing Servlet ''
2026-03-13T12:12:47.676Z  INFO 74896 --- [customer-bff] [           main] o.s.t.web.servlet.TestDispatcherServlet  : Completed initialization in 0 ms
2026-03-13T12:12:47.677Z  INFO 74896 --- [customer-bff] [           main] c.m.c.CustomerDashboardControllerTest    : Started CustomerDashboardControllerTest in 0.051 seconds (process running for 2.351)
2026-03-13T12:12:47.680Z DEBUG 74896 --- [customer-bff] [           main] w.c.HttpSessionSecurityContextRepository : Created HttpSession as SecurityContext is non-default
2026-03-13T12:12:47.680Z DEBUG 74896 --- [customer-bff] [           main] w.c.HttpSessionSecurityContextRepository : Stored SecurityContextImpl [Authentication=UsernamePasswordAuthenticationToken [Principal=org.springframework.security.core.userdetails.User [Username=user, Password=[PROTECTED], Enabled=true, AccountNonExpired=true, CredentialsNonExpired=true, AccountNonLocked=true, Granted Authorities=[ROLE_CUSTOMER]], Credentials=[PROTECTED], Authenticated=true, Details=null, Granted Authorities=[ROLE_CUSTOMER]]] to HttpSession [org.springframework.mock.web.MockHttpSession@335aac7a]
2026-03-13T12:12:47.680Z DEBUG 74896 --- [customer-bff] [           main] o.s.security.web.FilterChainProxy        : Securing GET /api/v1/customer/usage?view=daily
2026-03-13T12:12:47.680Z DEBUG 74896 --- [customer-bff] [           main] w.c.HttpSessionSecurityContextRepository : Retrieved SecurityContextImpl [Authentication=UsernamePasswordAuthenticationToken [Principal=org.springframework.security.core.userdetails.User [Username=user, Password=[PROTECTED], Enabled=true, AccountNonExpired=true, CredentialsNonExpired=true, AccountNonLocked=true, Granted Authorities=[ROLE_CUSTOMER]], Credentials=[PROTECTED], Authenticated=true, Details=null, Granted Authorities=[ROLE_CUSTOMER]]]
2026-03-13T12:12:47.680Z DEBUG 74896 --- [customer-bff] [           main] o.s.security.web.FilterChainProxy        : Secured GET /api/v1/customer/usage?view=daily
]]></system-out>
  </testcase>
  <testcase name="getAccountOverview_shouldReturnMultiLinePayload" classname="com.mytelco.customerbff.CustomerDashboardControllerTest" time="0.004">
    <system-out><![CDATA[2026-03-13T12:12:47.685Z DEBUG 74896 --- [customer-bff] [           main] w.c.HttpSessionSecurityContextRepository : Created HttpSession as SecurityContext is non-default
2026-03-13T12:12:47.686Z DEBUG 74896 --- [customer-bff] [           main] w.c.HttpSessionSecurityContextRepository : Stored SecurityContextImpl [Authentication=UsernamePasswordAuthenticationToken [Principal=org.springframework.security.core.userdetails.User [Username=user, Password=[PROTECTED], Enabled=true, AccountNonExpired=true, CredentialsNonExpired=true, AccountNonLocked=true, Granted Authorities=[ROLE_CUSTOMER]], Credentials=[PROTECTED], Authenticated=true, Details=null, Granted Authorities=[ROLE_CUSTOMER]]] to HttpSession [org.springframework.mock.web.MockHttpSession@451d6bc9]
2026-03-13T12:12:47.686Z DEBUG 74896 --- [customer-bff] [           main] o.s.security.web.FilterChainProxy        : Securing GET /api/v1/customer/account-overview
2026-03-13T12:12:47.686Z DEBUG 74896 --- [customer-bff] [           main] w.c.HttpSessionSecurityContextRepository : Retrieved SecurityContextImpl [Authentication=UsernamePasswordAuthenticationToken [Principal=org.springframework.security.core.userdetails.User [Username=user, Password=[PROTECTED], Enabled=true, AccountNonExpired=true, CredentialsNonExpired=true, AccountNonLocked=true, Granted Authorities=[ROLE_CUSTOMER]], Credentials=[PROTECTED], Authenticated=true, Details=null, Granted Authorities=[ROLE_CUSTOMER]]]
2026-03-13T12:12:47.686Z DEBUG 74896 --- [customer-bff] [           main] o.s.security.web.FilterChainProxy        : Secured GET /api/v1/customer/account-overview
]]></system-out>
  </testcase>
  <testcase name="getDashboard_shouldReturnAggregatedData" classname="com.mytelco.customerbff.CustomerDashboardControllerTest" time="0.003">
    <system-out><![CDATA[2026-03-13T12:12:47.689Z DEBUG 74896 --- [customer-bff] [           main] w.c.HttpSessionSecurityContextRepository : Created HttpSession as SecurityContext is non-default
2026-03-13T12:12:47.689Z DEBUG 74896 --- [customer-bff] [           main] w.c.HttpSessionSecurityContextRepository : Stored SecurityContextImpl [Authentication=UsernamePasswordAuthenticationToken [Principal=org.springframework.security.core.userdetails.User [Username=user, Password=[PROTECTED], Enabled=true, AccountNonExpired=true, CredentialsNonExpired=true, AccountNonLocked=true, Granted Authorities=[ROLE_CUSTOMER]], Credentials=[PROTECTED], Authenticated=true, Details=null, Granted Authorities=[ROLE_CUSTOMER]]] to HttpSession [org.springframework.mock.web.MockHttpSession@36f8abe2]
2026-03-13T12:12:47.690Z DEBUG 74896 --- [customer-bff] [           main] o.s.security.web.FilterChainProxy        : Securing GET /api/v1/customer/dashboard
2026-03-13T12:12:47.690Z DEBUG 74896 --- [customer-bff] [           main] w.c.HttpSessionSecurityContextRepository : Retrieved SecurityContextImpl [Authentication=UsernamePasswordAuthenticationToken [Principal=org.springframework.security.core.userdetails.User [Username=user, Password=[PROTECTED], Enabled=true, AccountNonExpired=true, CredentialsNonExpired=true, AccountNonLocked=true, Granted Authorities=[ROLE_CUSTOMER]], Credentials=[PROTECTED], Authenticated=true, Details=null, Granted Authorities=[ROLE_CUSTOMER]]]
2026-03-13T12:12:47.690Z DEBUG 74896 --- [customer-bff] [           main] o.s.security.web.FilterChainProxy        : Secured GET /api/v1/customer/dashboard
]]></system-out>
  </testcase>
</testsuite>