<?xml version="1.0" encoding="UTF-8"?>
<testsuite xmlns:xsi="http://www.w3.org/2001/XMLSchema-instance" xsi:noNamespaceSchemaLocation="https://maven.apache.org/surefire/maven-surefire-plugin/xsd/surefire-test-report-3.0.xsd" version="3.0" name="com.mytelco.customerbff.CatalogControllerTest" time="0.097" tests="2" errors="0" skipped="0" failures="1">
  <properties>
[...]
</properties>
  <testcase name="getCatalog_shouldReturnOffersWithEligibilityPriceDateTerms" classname="com.mytelco.customerbff.CatalogControllerTest" time="0.006">
    <system-out><![CDATA[2026-03-21T20:51:28.358Z  INFO [trace=,span=,corr=na] 2446 --- [customer-bff] [           main] [                                                 ] t.c.s.AnnotationConfigContextLoaderUtils : Could not detect default configuration classes for test class [com.mytelco.customerbff.CatalogControllerTest]: CatalogControllerTest does not declare any static, non-private, non-final, nested classes annotated with @Configuration.
2026-03-21T20:51:28.359Z  INFO [trace=,span=,corr=na] 2446 --- [customer-bff] [           main] [                                                 ] .b.t.c.SpringBootTestContextBootstrapper : Found @SpringBootConfiguration com.mytelco.customerbff.CustomerBffApplication for test class com.mytelco.customerbff.CatalogControllerTest
  .   ____          _            __ _ _
 /\\ / ___'_ __ _ _(_)_ __  __ _ \ \ \ \
( ( )\___ | '_ | '_| | '_ \/ _` | \ \ \ \
 \\/  ___)| |_)| | | | | || (_| |  ) ) ) )
  '  |____| .__|_| |_|_| |_\__, | / / / /
 =========|_|==============|___/=/_/_/_/

 :: Spring Boot ::                (v3.3.0)

2026-03-21T20:51:28.369Z  INFO [trace=,span=,corr=na] 2446 --- [customer-bff] [           main] [                                                 ] c.m.customerbff.CatalogControllerTest    : Starting CatalogControllerTest using Java 25.0.2 with PID 2446 (started by ee02217 in /Users/ee02217/.openclaw/workspace-richard/MyTelcoWhiteLabel-e2e/bff/customer-bff)
2026-03-21T20:51:28.369Z DEBUG [trace=,span=,corr=na] 2446 --- [customer-bff] [           main] [                                                 ] c.m.customerbff.CatalogControllerTest    : Running with Spring Boot v3.3.0, Spring v6.1.8
2026-03-21T20:51:28.369Z  INFO [trace=,span=,corr=na] 2446 --- [customer-bff] [           main] [                                                 ] c.m.customerbff.CatalogControllerTest    : No active profile set, falling back to 1 default profile: "default"
2026-03-21T20:51:28.426Z DEBUG [trace=,span=,corr=na] 2446 --- [customer-bff] [           main] [                                                 ] swordEncoderAuthenticationManagerBuilder : No authenticationProviders and no parentAuthenticationManager defined. Returning null.
2026-03-21T20:51:28.427Z  INFO [trace=,span=,corr=na] 2446 --- [customer-bff] [           main] [                                                 ] o.s.s.web.DefaultSecurityFilterChain     : Will secure any request with [org.springframework.security.web.session.DisableEncodeUrlFilter@1ec690bd, org.springframework.security.web.context.request.async.WebAsyncManagerIntegrationFilter@6e4d660, org.springframework.security.web.context.SecurityContextHolderFilter@4d96c290, org.springframework.security.web.header.HeaderWriterFilter@251d64d6, org.springframework.web.filter.CorsFilter@14972600, org.springframework.security.web.csrf.CsrfFilter@10c95d9b, org.springframework.security.web.authentication.logout.LogoutFilter@186f7553, org.springframework.security.oauth2.server.resource.web.authentication.BearerTokenAuthenticationFilter@78b3f926, org.springframework.security.web.savedrequest.RequestCacheAwareFilter@17e96b3c, org.springframework.security.web.servletapi.SecurityContextHolderAwareRequestFilter@2d63534d, org.springframework.security.web.authentication.AnonymousAuthenticationFilter@738a977d, org.springframework.security.web.access.ExceptionTranslationFilter@3f60ba06, org.springframework.security.web.access.intercept.AuthorizationFilter@55a8f92d]
2026-03-21T20:51:28.429Z DEBUG [trace=,span=,corr=na] 2446 --- [customer-bff] [           main] [                                                 ] c.m.c.config.CorrelationIdFilter         : Filter 'correlationIdFilter' configured for use
2026-03-21T20:51:28.429Z  INFO [trace=,span=,corr=na] 2446 --- [customer-bff] [           main] [                                                 ] o.s.b.t.m.w.SpringBootMockServletContext : Initializing Spring TestDispatcherServlet ''
2026-03-21T20:51:28.429Z  INFO [trace=,span=,corr=na] 2446 --- [customer-bff] [           main] [                                                 ] o.s.t.web.servlet.TestDispatcherServlet  : Initializing Servlet ''
2026-03-21T20:51:28.430Z  INFO [trace=,span=,corr=na] 2446 --- [customer-bff] [           main] [                                                 ] o.s.t.web.servlet.TestDispatcherServlet  : Completed initialization in 1 ms
2026-03-21T20:51:28.431Z  INFO [trace=,span=,corr=na] 2446 --- [customer-bff] [           main] [                                                 ] c.m.customerbff.CatalogControllerTest    : Started CatalogControllerTest in 0.071 seconds (process running for 1.941)
2026-03-21T20:51:28.434Z DEBUG [trace=,span=,corr=na] 2446 --- [customer-bff] [           main] [                                                 ] w.c.HttpSessionSecurityContextRepository : Created HttpSession as SecurityContext is non-default
2026-03-21T20:51:28.434Z DEBUG [trace=,span=,corr=na] 2446 --- [customer-bff] [           main] [                                                 ] w.c.HttpSessionSecurityContextRepository : Stored SecurityContextImpl [Authentication=UsernamePasswordAuthenticationToken [Principal=org.springframework.security.core.userdetails.User [Username=user, Password=[PROTECTED], Enabled=true, AccountNonExpired=true, CredentialsNonExpired=true, AccountNonLocked=true, Granted Authorities=[ROLE_CUSTOMER]], Credentials=[PROTECTED], Authenticated=true, Details=null, Granted Authorities=[ROLE_CUSTOMER]]] to HttpSession [org.springframework.mock.web.MockHttpSession@bf2aa3f]
2026-03-21T20:51:28.434Z DEBUG [trace=,span=,corr=0c31ac37-87ce-45f0-8781-a17fb307f78e] 2446 --- [customer-bff] [           main] [                                                 ] o.s.security.web.FilterChainProxy        : Securing GET /api/v1/customer/catalog
2026-03-21T20:51:28.434Z DEBUG [trace=,span=,corr=0c31ac37-87ce-45f0-8781-a17fb307f78e] 2446 --- [customer-bff] [           main] [                                                 ] w.c.HttpSessionSecurityContextRepository : Retrieved SecurityContextImpl [Authentication=UsernamePasswordAuthenticationToken [Principal=org.springframework.security.core.userdetails.User [Username=user, Password=[PROTECTED], Enabled=true, AccountNonExpired=true, CredentialsNonExpired=true, AccountNonLocked=true, Granted Authorities=[ROLE_CUSTOMER]], Credentials=[PROTECTED], Authenticated=true, Details=null, Granted Authorities=[ROLE_CUSTOMER]]]
2026-03-21T20:51:28.434Z DEBUG [trace=,span=,corr=0c31ac37-87ce-45f0-8781-a17fb307f78e] 2446 --- [customer-bff] [           main] [                                                 ] o.s.security.web.FilterChainProxy        : Secured GET /api/v1/customer/catalog
2026-03-21T20:51:28.438Z  INFO [trace=,span=,corr=0c31ac37-87ce-45f0-8781-a17fb307f78e] 2446 --- [customer-bff] [           main] [                                                 ] c.m.c.config.CorrelationIdFilter         : http_request method=GET path=/api/v1/customer/catalog status=200 durationMs=4
]]></system-out>
  </testcase>
  <testcase name="confirmSelection_shouldReturnTotalAndTerms" classname="com.mytelco.customerbff.CatalogControllerTest" time="0.014">
    <failure message="&#10;Argument(s) are different! Wanted:&#10;com.mytelco.customerbff.analytics.ProductAnalyticsService#0 bean.trackPlanChangeConfirmed(&#10;    &quot;cust-1&quot;,&#10;    &quot;operator-stub-pt&quot;,&#10;    &quot;web&quot;,&#10;    &lt;any string&gt;,&#10;    &quot;line-22&quot;,&#10;    1,&#10;    true&#10;);&#10;-&gt; at com.mytelco.customerbff.analytics.ProductAnalyticsService.trackPlanChangeConfirmed(ProductAnalyticsService.java:162)&#10;Actual invocations have different arguments at position [3]:&#10;com.mytelco.customerbff.analytics.ProductAnalyticsService#0 bean.trackPlanChangeConfirmed(&#10;    &quot;cust-1&quot;,&#10;    &quot;operator-stub-pt&quot;,&#10;    &quot;web&quot;,&#10;    null,&#10;    &quot;line-22&quot;,&#10;    1,&#10;    true&#10;);&#10;-&gt; at com.mytelco.customerbff.controller.CatalogController.confirmSelection(CatalogController.java:127)&#10;" type="Argument(s) are different! Wanted"><![CDATA[Argument(s) are different! Wanted:
com.mytelco.customerbff.analytics.ProductAnalyticsService#0 bean.trackPlanChangeConfirmed(
    "cust-1",
    "operator-stub-pt",
    "web",
    <any string>,
    "line-22",
    1,
    true
);
-> at com.mytelco.customerbff.analytics.ProductAnalyticsService.trackPlanChangeConfirmed(ProductAnalyticsService.java:162)
Actual invocations have different arguments at position [3]:
com.mytelco.customerbff.analytics.ProductAnalyticsService#0 bean.trackPlanChangeConfirmed(
    "cust-1",
    "operator-stub-pt",
    "web",
    null,
    "line-22",
    1,
    true
);
-> at com.mytelco.customerbff.controller.CatalogController.confirmSelection(CatalogController.java:127)

	at com.mytelco.customerbff.analytics.ProductAnalyticsService.trackPlanChangeConfirmed(ProductAnalyticsService.java:162)
	at com.mytelco.customerbff.CatalogControllerTest.confirmSelection_shouldReturnTotalAndTerms(CatalogControllerTest.java:133)
	at java.base/java.lang.reflect.Method.invoke(Method.java:565)
	at java.base/java.util.ArrayList.forEach(ArrayList.java:1604)
	at java.base/java.util.ArrayList.forEach(ArrayList.java:1604)
]]></failure>
    <system-out><![CDATA[2026-03-21T20:51:28.441Z DEBUG [trace=,span=,corr=na] 2446 --- [customer-bff] [           main] [                                                 ] w.c.HttpSessionSecurityContextRepository : Created HttpSession as SecurityContext is non-default
2026-03-21T20:51:28.441Z DEBUG [trace=,span=,corr=na] 2446 --- [customer-bff] [           main] [                                                 ] w.c.HttpSessionSecurityContextRepository : Stored SecurityContextImpl [Authentication=UsernamePasswordAuthenticationToken [Principal=org.springframework.security.core.userdetails.User [Username=user, Password=[PROTECTED], Enabled=true, AccountNonExpired=true, CredentialsNonExpired=true, AccountNonLocked=true, Granted Authorities=[ROLE_CUSTOMER]], Credentials=[PROTECTED], Authenticated=true, Details=null, Granted Authorities=[ROLE_CUSTOMER]]] to HttpSession [org.springframework.mock.web.MockHttpSession@19fdcaba]
2026-03-21T20:51:28.441Z DEBUG [trace=,span=,corr=f4a9d1d4-793c-44fd-a1fd-519fe8224b59] 2446 --- [customer-bff] [           main] [                                                 ] o.s.security.web.FilterChainProxy        : Securing POST /api/v1/customer/catalog/confirm-selection
2026-03-21T20:51:28.441Z DEBUG [trace=,span=,corr=f4a9d1d4-793c-44fd-a1fd-519fe8224b59] 2446 --- [customer-bff] [           main] [                                                 ] w.c.HttpSessionSecurityContextRepository : Retrieved SecurityContextImpl [Authentication=UsernamePasswordAuthenticationToken [Principal=org.springframework.security.core.userdetails.User [Username=user, Password=[PROTECTED], Enabled=true, AccountNonExpired=true, CredentialsNonExpired=true, AccountNonLocked=true, Granted Authorities=[ROLE_CUSTOMER]], Credentials=[PROTECTED], Authenticated=true, Details=null, Granted Authorities=[ROLE_CUSTOMER]]]
2026-03-21T20:51:28.441Z DEBUG [trace=,span=,corr=f4a9d1d4-793c-44fd-a1fd-519fe8224b59] 2446 --- [customer-bff] [           main] [                                                 ] o.s.security.web.FilterChainProxy        : Secured POST /api/v1/customer/catalog/confirm-selection
2026-03-21T20:51:28.447Z  INFO [trace=,span=,corr=f4a9d1d4-793c-44fd-a1fd-519fe8224b59] 2446 --- [customer-bff] [           main] [                                                 ] c.m.c.config.CorrelationIdFilter         : http_request method=POST path=/api/v1/customer/catalog/confirm-selection status=200 durationMs=6

MockHttpServletRequest:
      HTTP Method = POST
      Request URI = /api/v1/customer/catalog/confirm-selection
       Parameters = {_csrf=[g9MuPkG0vSQu1h-A0xuccHyPBXISiGlOLQ_SVUVwYiN6115u57AYXXPVjEAD5iqy5zaoRUXuKEp2uFtjSDjjZCNGAEYc4m5c]}
          Headers = [Content-Type:"application/json;charset=UTF-8", Content-Length:"150"]
             Body = {"lineId":"line-22","operatorId":"vodafone-pt","selectedOfferIds":["plan-starter-20"],"termsAccepted":true,"termsReference":"terms://catalog/confirm"}
    Session Attrs = {SPRING_SECURITY_CONTEXT=SecurityContextImpl [Authentication=UsernamePasswordAuthenticationToken [Principal=org.springframework.security.core.userdetails.User [Username=user, Password=[PROTECTED], Enabled=true, AccountNonExpired=true, CredentialsNonExpired=true, AccountNonLocked=true, Granted Authorities=[ROLE_CUSTOMER]], Credentials=[PROTECTED], Authenticated=true, Details=null, Granted Authorities=[ROLE_CUSTOMER]]]}

Handler:
             Type = com.mytelco.customerbff.controller.CatalogController
           Method = com.mytelco.customerbff.controller.CatalogController#confirmSelection(Authentication, String, String, String, String, CatalogConfirmSelectionRequest)

Async:
    Async started = false
     Async result = null

Resolved Exception:
             Type = null

ModelAndView:
        View name = null
             View = null
            Model = null

FlashMap:
       Attributes = null

MockHttpServletResponse:
           Status = 200
    Error message = null
          Headers = [X-Correlation-ID:"f4a9d1d4-793c-44fd-a1fd-519fe8224b59", Vary:"Origin", "Access-Control-Request-Method", "Access-Control-Request-Headers", Content-Type:"application/json", X-Content-Type-Options:"nosniff", X-XSS-Protection:"0", Cache-Control:"no-cache, no-store, max-age=0, must-revalidate", Pragma:"no-cache", Expires:"0", X-Frame-Options:"DENY"]
     Content type = application/json
             Body = {"lineId":"line-22","operatorId":"vodafone-pt","totalPrice":{"amount":19.98,"currency":"EUR"},"selectedItems":[{"offerId":"plan-starter-20","name":"Starter 20GB","type":"PLAN","pricing":{"amount":14.99,"currency":"EUR"},"effectiveDate":"2026-04-01","terms":{"summary":"24-month commitment","reference":"terms://plans/starter-20"}}],"termsAcknowledgement":{"accepted":true,"reference":"terms://catalog/confirm","acceptedAt":"2026-03-12T00:00:00Z"}}
    Forwarded URL = null
   Redirected URL = null
          Cookies = []
]]></system-out>
  </testcase>
</testsuite>