<?xml version="1.0" encoding="UTF-8"?>
<testsuite xmlns:xsi="http://www.w3.org/2001/XMLSchema-instance" xsi:noNamespaceSchemaLocation="https://maven.apache.org/surefire/maven-surefire-plugin/xsd/surefire-test-report-3.0.xsd" version="3.0" name="com.mytelco.customerbff.family.FamilyRolesControllerTest" time="0.078" tests="3" errors="0" skipped="0" failures="1">
  <properties>
[...]
</properties>
  <testcase name="audit_returnsEntries" classname="com.mytelco.customerbff.family.FamilyRolesControllerTest" time="0.005">
    <system-out><![CDATA[2026-03-21T20:51:28.457Z  INFO [trace=,span=,corr=na] 2446 --- [customer-bff] [           main] [                                                 ] t.c.s.AnnotationConfigContextLoaderUtils : Could not detect default configuration classes for test class [com.mytelco.customerbff.family.FamilyRolesControllerTest]: FamilyRolesControllerTest does not declare any static, non-private, non-final, nested classes annotated with @Configuration.
2026-03-21T20:51:28.463Z  INFO [trace=,span=,corr=na] 2446 --- [customer-bff] [           main] [                                                 ] .b.t.c.SpringBootTestContextBootstrapper : Found @SpringBootConfiguration com.mytelco.customerbff.CustomerBffApplication for test class com.mytelco.customerbff.family.FamilyRolesControllerTest
  .   ____          _            __ _ _
 /\\ / ___'_ __ _ _(_)_ __  __ _ \ \ \ \
( ( )\___ | '_ | '_| | '_ \/ _` | \ \ \ \
 \\/  ___)| |_)| | | | | || (_| |  ) ) ) )
  '  |____| .__|_| |_|_| |_\__, | / / / /
 =========|_|==============|___/=/_/_/_/

 :: Spring Boot ::                (v3.3.0)

2026-03-21T20:51:28.469Z  INFO [trace=,span=,corr=na] 2446 --- [customer-bff] [           main] [                                                 ] c.m.c.family.FamilyRolesControllerTest   : Starting FamilyRolesControllerTest using Java 25.0.2 with PID 2446 (started by ee02217 in /Users/ee02217/.openclaw/workspace-richard/MyTelcoWhiteLabel-e2e/bff/customer-bff)
2026-03-21T20:51:28.469Z DEBUG [trace=,span=,corr=na] 2446 --- [customer-bff] [           main] [                                                 ] c.m.c.family.FamilyRolesControllerTest   : Running with Spring Boot v3.3.0, Spring v6.1.8
2026-03-21T20:51:28.469Z  INFO [trace=,span=,corr=na] 2446 --- [customer-bff] [           main] [                                                 ] c.m.c.family.FamilyRolesControllerTest   : No active profile set, falling back to 1 default profile: "default"
2026-03-21T20:51:28.519Z DEBUG [trace=,span=,corr=na] 2446 --- [customer-bff] [           main] [                                                 ] swordEncoderAuthenticationManagerBuilder : No authenticationProviders and no parentAuthenticationManager defined. Returning null.
2026-03-21T20:51:28.519Z  INFO [trace=,span=,corr=na] 2446 --- [customer-bff] [           main] [                                                 ] o.s.s.web.DefaultSecurityFilterChain     : Will secure any request with [org.springframework.security.web.session.DisableEncodeUrlFilter@485902cd, org.springframework.security.web.context.request.async.WebAsyncManagerIntegrationFilter@75abbb61, org.springframework.security.web.context.SecurityContextHolderFilter@6dbfd081, org.springframework.security.web.header.HeaderWriterFilter@743a9292, org.springframework.web.filter.CorsFilter@740610a2, org.springframework.security.web.csrf.CsrfFilter@3c92f2f9, org.springframework.security.web.authentication.logout.LogoutFilter@74691a1f, org.springframework.security.oauth2.server.resource.web.authentication.BearerTokenAuthenticationFilter@79dcd7f1, org.springframework.security.web.savedrequest.RequestCacheAwareFilter@4691e2f5, org.springframework.security.web.servletapi.SecurityContextHolderAwareRequestFilter@47cf41d7, org.springframework.security.web.authentication.AnonymousAuthenticationFilter@6bfa228c, org.springframework.security.web.access.ExceptionTranslationFilter@5b7b5484, org.springframework.security.web.access.intercept.AuthorizationFilter@1e23e1ef]
2026-03-21T20:51:28.521Z DEBUG [trace=,span=,corr=na] 2446 --- [customer-bff] [           main] [                                                 ] c.m.c.config.CorrelationIdFilter         : Filter 'correlationIdFilter' configured for use
2026-03-21T20:51:28.521Z  INFO [trace=,span=,corr=na] 2446 --- [customer-bff] [           main] [                                                 ] o.s.b.t.m.w.SpringBootMockServletContext : Initializing Spring TestDispatcherServlet ''
2026-03-21T20:51:28.521Z  INFO [trace=,span=,corr=na] 2446 --- [customer-bff] [           main] [                                                 ] o.s.t.web.servlet.TestDispatcherServlet  : Initializing Servlet ''
2026-03-21T20:51:28.521Z  INFO [trace=,span=,corr=na] 2446 --- [customer-bff] [           main] [                                                 ] o.s.t.web.servlet.TestDispatcherServlet  : Completed initialization in 0 ms
2026-03-21T20:51:28.523Z  INFO [trace=,span=,corr=na] 2446 --- [customer-bff] [           main] [                                                 ] c.m.c.family.FamilyRolesControllerTest   : Started FamilyRolesControllerTest in 0.059 seconds (process running for 2.033)
2026-03-21T20:51:28.525Z DEBUG [trace=,span=,corr=na] 2446 --- [customer-bff] [           main] [                                                 ] w.c.HttpSessionSecurityContextRepository : Created HttpSession as SecurityContext is non-default
2026-03-21T20:51:28.525Z DEBUG [trace=,span=,corr=na] 2446 --- [customer-bff] [           main] [                                                 ] w.c.HttpSessionSecurityContextRepository : Stored SecurityContextImpl [Authentication=UsernamePasswordAuthenticationToken [Principal=org.springframework.security.core.userdetails.User [Username=user, Password=[PROTECTED], Enabled=true, AccountNonExpired=true, CredentialsNonExpired=true, AccountNonLocked=true, Granted Authorities=[ROLE_CUSTOMER]], Credentials=[PROTECTED], Authenticated=true, Details=null, Granted Authorities=[ROLE_CUSTOMER]]] to HttpSession [org.springframework.mock.web.MockHttpSession@fa3db48]
2026-03-21T20:51:28.525Z DEBUG [trace=,span=,corr=3e7560de-2f9a-4f09-ac27-035e56316bcf] 2446 --- [customer-bff] [           main] [                                                 ] o.s.security.web.FilterChainProxy        : Securing GET /api/v1/customer/family/roles/audit?limit=10
2026-03-21T20:51:28.525Z DEBUG [trace=,span=,corr=3e7560de-2f9a-4f09-ac27-035e56316bcf] 2446 --- [customer-bff] [           main] [                                                 ] w.c.HttpSessionSecurityContextRepository : Retrieved SecurityContextImpl [Authentication=UsernamePasswordAuthenticationToken [Principal=org.springframework.security.core.userdetails.User [Username=user, Password=[PROTECTED], Enabled=true, AccountNonExpired=true, CredentialsNonExpired=true, AccountNonLocked=true, Granted Authorities=[ROLE_CUSTOMER]], Credentials=[PROTECTED], Authenticated=true, Details=null, Granted Authorities=[ROLE_CUSTOMER]]]
2026-03-21T20:51:28.525Z DEBUG [trace=,span=,corr=3e7560de-2f9a-4f09-ac27-035e56316bcf] 2446 --- [customer-bff] [           main] [                                                 ] o.s.security.web.FilterChainProxy        : Secured GET /api/v1/customer/family/roles/audit?limit=10
2026-03-21T20:51:28.527Z  INFO [trace=,span=,corr=3e7560de-2f9a-4f09-ac27-035e56316bcf] 2446 --- [customer-bff] [           main] [                                                 ] c.m.c.config.CorrelationIdFilter         : http_request method=GET path=/api/v1/customer/family/roles/audit status=200 durationMs=2
]]></system-out>
  </testcase>
  <testcase name="updateRole_forwardsRequest" classname="com.mytelco.customerbff.family.FamilyRolesControllerTest" time="0.002">
    <failure message="Status expected:&lt;200&gt; but was:&lt;403&gt;" type="java.lang.AssertionError"><![CDATA[java.lang.AssertionError: Status expected:<200> but was:<403>
	at org.springframework.test.util.AssertionErrors.fail(AssertionErrors.java:59)
	at org.springframework.test.util.AssertionErrors.assertEquals(AssertionErrors.java:122)
	at org.springframework.test.web.servlet.result.StatusResultMatchers.lambda$matcher$9(StatusResultMatchers.java:637)
	at org.springframework.test.web.servlet.MockMvc$1.andExpect(MockMvc.java:214)
	at com.mytelco.customerbff.family.FamilyRolesControllerTest.updateRole_forwardsRequest(FamilyRolesControllerTest.java:74)
	at java.base/java.lang.reflect.Method.invoke(Method.java:565)
	at java.base/java.util.ArrayList.forEach(ArrayList.java:1604)
	at java.base/java.util.ArrayList.forEach(ArrayList.java:1604)
]]></failure>
    <system-out><![CDATA[2026-03-21T20:51:28.529Z DEBUG [trace=,span=,corr=na] 2446 --- [customer-bff] [           main] [                                                 ] w.c.HttpSessionSecurityContextRepository : Created HttpSession as SecurityContext is non-default
2026-03-21T20:51:28.529Z DEBUG [trace=,span=,corr=na] 2446 --- [customer-bff] [           main] [                                                 ] w.c.HttpSessionSecurityContextRepository : Stored SecurityContextImpl [Authentication=UsernamePasswordAuthenticationToken [Principal=org.springframework.security.core.userdetails.User [Username=user, Password=[PROTECTED], Enabled=true, AccountNonExpired=true, CredentialsNonExpired=true, AccountNonLocked=true, Granted Authorities=[ROLE_CUSTOMER]], Credentials=[PROTECTED], Authenticated=true, Details=null, Granted Authorities=[ROLE_CUSTOMER]]] to HttpSession [org.springframework.mock.web.MockHttpSession@6cf58989]
2026-03-21T20:51:28.529Z DEBUG [trace=,span=,corr=c8b3b4a0-b287-4e08-bd7c-9cd4fee8b8eb] 2446 --- [customer-bff] [           main] [                                                 ] o.s.security.web.FilterChainProxy        : Securing PATCH /api/v1/customer/family/roles/line-2
2026-03-21T20:51:28.530Z DEBUG [trace=,span=,corr=c8b3b4a0-b287-4e08-bd7c-9cd4fee8b8eb] 2446 --- [customer-bff] [           main] [                                                 ] o.s.security.web.csrf.CsrfFilter         : Invalid CSRF token found for http://localhost/api/v1/customer/family/roles/line-2
2026-03-21T20:51:28.530Z DEBUG [trace=,span=,corr=c8b3b4a0-b287-4e08-bd7c-9cd4fee8b8eb] 2446 --- [customer-bff] [           main] [                                                 ] o.s.s.w.access.AccessDeniedHandlerImpl   : Responding with 403 status code
2026-03-21T20:51:28.530Z  INFO [trace=,span=,corr=c8b3b4a0-b287-4e08-bd7c-9cd4fee8b8eb] 2446 --- [customer-bff] [           main] [                                                 ] c.m.c.config.CorrelationIdFilter         : http_request method=PATCH path=/api/v1/customer/family/roles/line-2 status=403 durationMs=1

MockHttpServletRequest:
      HTTP Method = PATCH
      Request URI = /api/v1/customer/family/roles/line-2
       Parameters = {}
          Headers = [Content-Type:"application/json;charset=UTF-8", Content-Length:"32"]
             Body = {"role":"MANAGER","note":"note"}
    Session Attrs = {org.springframework.security.web.csrf.HttpSessionCsrfTokenRepository.CSRF_TOKEN=org.springframework.security.web.csrf.DefaultCsrfToken@bec2d81, SPRING_SECURITY_CONTEXT=SecurityContextImpl [Authentication=UsernamePasswordAuthenticationToken [Principal=org.springframework.security.core.userdetails.User [Username=user, Password=[PROTECTED], Enabled=true, AccountNonExpired=true, CredentialsNonExpired=true, AccountNonLocked=true, Granted Authorities=[ROLE_CUSTOMER]], Credentials=[PROTECTED], Authenticated=true, Details=null, Granted Authorities=[ROLE_CUSTOMER]]]}

Handler:
             Type = null

Async:
    Async started = false
     Async result = null

Resolved Exception:
             Type = null

ModelAndView:
        View name = null
             View = null
            Model = null

FlashMap:
       Attributes = null

MockHttpServletResponse:
           Status = 403
    Error message = Forbidden
          Headers = [X-Correlation-ID:"c8b3b4a0-b287-4e08-bd7c-9cd4fee8b8eb", Vary:"Origin", "Access-Control-Request-Method", "Access-Control-Request-Headers", X-Content-Type-Options:"nosniff", X-XSS-Protection:"0", Cache-Control:"no-cache, no-store, max-age=0, must-revalidate", Pragma:"no-cache", Expires:"0", X-Frame-Options:"DENY"]
     Content type = null
             Body = 
    Forwarded URL = null
   Redirected URL = null
          Cookies = []
]]></system-out>
  </testcase>
  <testcase name="getRoles_returnsPayload" classname="com.mytelco.customerbff.family.FamilyRolesControllerTest" time="0.003">
    <system-out><![CDATA[2026-03-21T20:51:28.531Z DEBUG [trace=,span=,corr=na] 2446 --- [customer-bff] [           main] [                                                 ] w.c.HttpSessionSecurityContextRepository : Created HttpSession as SecurityContext is non-default
2026-03-21T20:51:28.531Z DEBUG [trace=,span=,corr=na] 2446 --- [customer-bff] [           main] [                                                 ] w.c.HttpSessionSecurityContextRepository : Stored SecurityContextImpl [Authentication=UsernamePasswordAuthenticationToken [Principal=org.springframework.security.core.userdetails.User [Username=user, Password=[PROTECTED], Enabled=true, AccountNonExpired=true, CredentialsNonExpired=true, AccountNonLocked=true, Granted Authorities=[ROLE_CUSTOMER]], Credentials=[PROTECTED], Authenticated=true, Details=null, Granted Authorities=[ROLE_CUSTOMER]]] to HttpSession [org.springframework.mock.web.MockHttpSession@5aaecd25]
2026-03-21T20:51:28.531Z DEBUG [trace=,span=,corr=5d014aca-17c3-446f-abd8-029a619c6204] 2446 --- [customer-bff] [           main] [                                                 ] o.s.security.web.FilterChainProxy        : Securing GET /api/v1/customer/family/roles
2026-03-21T20:51:28.532Z DEBUG [trace=,span=,corr=5d014aca-17c3-446f-abd8-029a619c6204] 2446 --- [customer-bff] [           main] [                                                 ] w.c.HttpSessionSecurityContextRepository : Retrieved SecurityContextImpl [Authentication=UsernamePasswordAuthenticationToken [Principal=org.springframework.security.core.userdetails.User [Username=user, Password=[PROTECTED], Enabled=true, AccountNonExpired=true, CredentialsNonExpired=true, AccountNonLocked=true, Granted Authorities=[ROLE_CUSTOMER]], Credentials=[PROTECTED], Authenticated=true, Details=null, Granted Authorities=[ROLE_CUSTOMER]]]
2026-03-21T20:51:28.532Z DEBUG [trace=,span=,corr=5d014aca-17c3-446f-abd8-029a619c6204] 2446 --- [customer-bff] [           main] [                                                 ] o.s.security.web.FilterChainProxy        : Secured GET /api/v1/customer/family/roles
2026-03-21T20:51:28.533Z  INFO [trace=,span=,corr=5d014aca-17c3-446f-abd8-029a619c6204] 2446 --- [customer-bff] [           main] [                                                 ] c.m.c.config.CorrelationIdFilter         : http_request method=GET path=/api/v1/customer/family/roles status=200 durationMs=2
]]></system-out>
  </testcase>
</testsuite>