<?xml version="1.0" encoding="UTF-8"?>
<testsuite xmlns:xsi="http://www.w3.org/2001/XMLSchema-instance" xsi:noNamespaceSchemaLocation="https://maven.apache.org/surefire/maven-surefire-plugin/xsd/surefire-test-report-3.0.xsd" version="3.0" name="com.mytelco.customerbff.DurableStatePersistenceTest" time="0.02" tests="3" errors="0" skipped="0" failures="0">
  <properties>
[...]
</properties>
  <testcase name="orderStateAndIdempotencyShouldSurviveServiceRestart" classname="com.mytelco.customerbff.DurableStatePersistenceTest" time="0.01"/>
  <testcase name="notificationInboxAndPreferencesShouldSurviveServiceRestart" classname="com.mytelco.customerbff.DurableStatePersistenceTest" time="0.005"/>
  <testcase name="supportCasesShouldSurviveServiceRestart" classname="com.mytelco.customerbff.DurableStatePersistenceTest" time="0.003"/>
</testsuite>