<?xml version="1.0" encoding="UTF-8"?>
<testsuite xmlns:xsi="http://www.w3.org/2001/XMLSchema-instance" xsi:noNamespaceSchemaLocation="https://maven.apache.org/surefire/maven-surefire-plugin/xsd/surefire-test-report-3.0.xsd" version="3.0" name="com.mytelco.customerbff.CustomerDashboardControllerTest" time="0.135" tests="3" errors="0" skipped="0" failures="3">
  <properties>
[...]
</properties>
  <testcase name="getUsageDetails_daily_shouldReturnThresholdCrossings" classname="com.mytelco.customerbff.CustomerDashboardControllerTest" time="0.023">
    <failure message="&#10;Wanted but not invoked:&#10;com.mytelco.customerbff.analytics.ProductAnalyticsService#0 bean.trackLoginSuccess(&#10;    &lt;any string&gt;,&#10;    &quot;operator-stub-pt&quot;,&#10;    &quot;web&quot;,&#10;    &lt;any string&gt;&#10;);&#10;-&gt; at com.mytelco.customerbff.analytics.ProductAnalyticsService.trackLoginSuccess(ProductAnalyticsService.java:92)&#10;Actually, there were zero interactions with this mock.&#10;" type="Wanted but not invoked"><![CDATA[Wanted but not invoked:
com.mytelco.customerbff.analytics.ProductAnalyticsService#0 bean.trackLoginSuccess(
    <any string>,
    "operator-stub-pt",
    "web",
    <any string>
);
-> at com.mytelco.customerbff.analytics.ProductAnalyticsService.trackLoginSuccess(ProductAnalyticsService.java:92)
Actually, there were zero interactions with this mock.

	at com.mytelco.customerbff.analytics.ProductAnalyticsService.trackLoginSuccess(ProductAnalyticsService.java:92)
	at com.mytelco.customerbff.CustomerDashboardControllerTest.getUsageDetails_daily_shouldReturnThresholdCrossings(CustomerDashboardControllerTest.java:153)
	at java.base/java.lang.reflect.Method.invoke(Method.java:565)
	at java.base/java.util.ArrayList.forEach(ArrayList.java:1604)
	at java.base/java.util.ArrayList.forEach(ArrayList.java:1604)
]]></failure>
    <system-out><![CDATA[2026-03-21T20:34:18.101Z  INFO [trace=,span=,corr=na] 1581 --- [customer-bff] [           main] [                                                 ] .b.t.c.SpringBootTestContextBootstrapper : Found @SpringBootConfiguration com.mytelco.customerbff.CustomerBffApplication for test class com.mytelco.customerbff.CustomerDashboardControllerTest
  .   ____          _            __ _ _
 /\\ / ___'_ __ _ _(_)_ __  __ _ \ \ \ \
( ( )\___ | '_ | '_| | '_ \/ _` | \ \ \ \
 \\/  ___)| |_)| | | | | || (_| |  ) ) ) )
  '  |____| .__|_| |_|_| |_\__, | / / / /
 =========|_|==============|___/=/_/_/_/

 :: Spring Boot ::                (v3.3.0)

2026-03-21T20:34:18.110Z  INFO [trace=,span=,corr=na] 1581 --- [customer-bff] [           main] [                                                 ] c.m.c.CustomerDashboardControllerTest    : Starting CustomerDashboardControllerTest using Java 25.0.2 with PID 1581 (started by ee02217 in /Users/ee02217/.openclaw/workspace-richard/MyTelcoWhiteLabel-e2e/bff/customer-bff)
2026-03-21T20:34:18.110Z DEBUG [trace=,span=,corr=na] 1581 --- [customer-bff] [           main] [                                                 ] c.m.c.CustomerDashboardControllerTest    : Running with Spring Boot v3.3.0, Spring v6.1.8
2026-03-21T20:34:18.110Z  INFO [trace=,span=,corr=na] 1581 --- [customer-bff] [           main] [                                                 ] c.m.c.CustomerDashboardControllerTest    : No active profile set, falling back to 1 default profile: "default"
2026-03-21T20:34:18.192Z DEBUG [trace=,span=,corr=na] 1581 --- [customer-bff] [           main] [                                                 ] swordEncoderAuthenticationManagerBuilder : No authenticationProviders and no parentAuthenticationManager defined. Returning null.
2026-03-21T20:34:18.193Z  INFO [trace=,span=,corr=na] 1581 --- [customer-bff] [           main] [                                                 ] o.s.s.web.DefaultSecurityFilterChain     : Will secure any request with [org.springframework.security.web.session.DisableEncodeUrlFilter@4b4b02d, org.springframework.security.web.context.request.async.WebAsyncManagerIntegrationFilter@1dd01876, org.springframework.security.web.context.SecurityContextHolderFilter@1df8ea34, org.springframework.security.web.header.HeaderWriterFilter@2926144f, org.springframework.web.filter.CorsFilter@12d24c43, org.springframework.security.web.csrf.CsrfFilter@75707f05, org.springframework.security.web.authentication.logout.LogoutFilter@20673498, org.springframework.security.oauth2.server.resource.web.authentication.BearerTokenAuthenticationFilter@68823b6b, org.springframework.security.web.savedrequest.RequestCacheAwareFilter@6b0636d9, org.springframework.security.web.servletapi.SecurityContextHolderAwareRequestFilter@63893cf6, org.springframework.security.web.authentication.AnonymousAuthenticationFilter@6bf27411, org.springframework.security.web.access.ExceptionTranslationFilter@741f8cf, org.springframework.security.web.access.intercept.AuthorizationFilter@509bf2d5]
2026-03-21T20:34:18.195Z DEBUG [trace=,span=,corr=na] 1581 --- [customer-bff] [           main] [                                                 ] c.m.c.config.CorrelationIdFilter         : Filter 'correlationIdFilter' configured for use
2026-03-21T20:34:18.195Z  INFO [trace=,span=,corr=na] 1581 --- [customer-bff] [           main] [                                                 ] o.s.b.t.m.w.SpringBootMockServletContext : Initializing Spring TestDispatcherServlet ''
2026-03-21T20:34:18.195Z  INFO [trace=,span=,corr=na] 1581 --- [customer-bff] [           main] [                                                 ] o.s.t.web.servlet.TestDispatcherServlet  : Initializing Servlet ''
2026-03-21T20:34:18.195Z  INFO [trace=,span=,corr=na] 1581 --- [customer-bff] [           main] [                                                 ] o.s.t.web.servlet.TestDispatcherServlet  : Completed initialization in 0 ms
2026-03-21T20:34:18.197Z  INFO [trace=,span=,corr=na] 1581 --- [customer-bff] [           main] [                                                 ] c.m.c.CustomerDashboardControllerTest    : Started CustomerDashboardControllerTest in 0.094 seconds (process running for 1.987)
2026-03-21T20:34:18.200Z DEBUG [trace=,span=,corr=na] 1581 --- [customer-bff] [           main] [                                                 ] w.c.HttpSessionSecurityContextRepository : Created HttpSession as SecurityContext is non-default
2026-03-21T20:34:18.200Z DEBUG [trace=,span=,corr=na] 1581 --- [customer-bff] [           main] [                                                 ] w.c.HttpSessionSecurityContextRepository : Stored SecurityContextImpl [Authentication=UsernamePasswordAuthenticationToken [Principal=org.springframework.security.core.userdetails.User [Username=cust-1, Password=[PROTECTED], Enabled=true, AccountNonExpired=true, CredentialsNonExpired=true, AccountNonLocked=true, Granted Authorities=[ROLE_CUSTOMER]], Credentials=[PROTECTED], Authenticated=true, Details=null, Granted Authorities=[ROLE_CUSTOMER]]] to HttpSession [org.springframework.mock.web.MockHttpSession@38503309]
2026-03-21T20:34:18.200Z DEBUG [trace=,span=,corr=d74db865-995f-4905-9a1d-b3d180640abd] 1581 --- [customer-bff] [           main] [                                                 ] o.s.security.web.FilterChainProxy        : Securing GET /api/v1/customer/usage?view=daily
2026-03-21T20:34:18.201Z DEBUG [trace=,span=,corr=d74db865-995f-4905-9a1d-b3d180640abd] 1581 --- [customer-bff] [           main] [                                                 ] w.c.HttpSessionSecurityContextRepository : Retrieved SecurityContextImpl [Authentication=UsernamePasswordAuthenticationToken [Principal=org.springframework.security.core.userdetails.User [Username=cust-1, Password=[PROTECTED], Enabled=true, AccountNonExpired=true, CredentialsNonExpired=true, AccountNonLocked=true, Granted Authorities=[ROLE_CUSTOMER]], Credentials=[PROTECTED], Authenticated=true, Details=null, Granted Authorities=[ROLE_CUSTOMER]]]
2026-03-21T20:34:18.201Z DEBUG [trace=,span=,corr=d74db865-995f-4905-9a1d-b3d180640abd] 1581 --- [customer-bff] [           main] [                                                 ] o.s.security.web.FilterChainProxy        : Secured GET /api/v1/customer/usage?view=daily
2026-03-21T20:34:18.219Z  INFO [trace=,span=,corr=d74db865-995f-4905-9a1d-b3d180640abd] 1581 --- [customer-bff] [           main] [                                                 ] c.m.c.config.CorrelationIdFilter         : http_request method=GET path=/api/v1/customer/usage status=200 durationMs=19

MockHttpServletRequest:
      HTTP Method = GET
      Request URI = /api/v1/customer/usage
       Parameters = {view=[daily]}
          Headers = []
             Body = null
    Session Attrs = {SPRING_SECURITY_CONTEXT=SecurityContextImpl [Authentication=UsernamePasswordAuthenticationToken [Principal=org.springframework.security.core.userdetails.User [Username=cust-1, Password=[PROTECTED], Enabled=true, AccountNonExpired=true, CredentialsNonExpired=true, AccountNonLocked=true, Granted Authorities=[ROLE_CUSTOMER]], Credentials=[PROTECTED], Authenticated=true, Details=null, Granted Authorities=[ROLE_CUSTOMER]]]}

Handler:
             Type = com.mytelco.customerbff.controller.CustomerDashboardController
           Method = com.mytelco.customerbff.controller.CustomerDashboardController#getUsageDetails(Authentication, String, String)

Async:
    Async started = false
     Async result = null

Resolved Exception:
             Type = null

ModelAndView:
        View name = null
             View = null
            Model = null

FlashMap:
       Attributes = null

MockHttpServletResponse:
           Status = 200
    Error message = null
          Headers = [X-Correlation-ID:"d74db865-995f-4905-9a1d-b3d180640abd", Vary:"Origin", "Access-Control-Request-Method", "Access-Control-Request-Headers", Content-Type:"application/json", X-Content-Type-Options:"nosniff", X-XSS-Protection:"0", Cache-Control:"no-cache, no-store, max-age=0, must-revalidate", Pragma:"no-cache", Expires:"0", X-Frame-Options:"DENY"]
     Content type = application/json
             Body = {"view":"daily","periodStart":"2026-03-12","periodEnd":"2026-03-12","customerId":"cust-1","totals":{"dataMb":2070,"voiceMinutes":55,"smsCount":13},"lines":[{"lineId":"LINE-001","msisdn":"+351910000001","nickname":"Primary","usage":{"dataMb":9200,"voiceMinutes":34,"smsCount":8}}],"thresholdCrossings":[{"lineId":"LINE-001","service":"DATA","thresholdPercent":80,"currentPercent":92.0,"crossedAt":"2026-03-12T12:00:00Z"}],"dataFreshness":{"asOf":"2026-03-12T11:55:00Z","sla":"Updated every 15 minutes (SLA <= 15m)"}}
    Forwarded URL = null
   Redirected URL = null
          Cookies = []
]]></system-out>
  </testcase>
  <testcase name="getAccountOverview_shouldReturnMultiLinePayload" classname="com.mytelco.customerbff.CustomerDashboardControllerTest" time="0.006">
    <failure message="&#10;Argument(s) are different! Wanted:&#10;com.mytelco.customerbff.analytics.ProductAnalyticsService#0 bean.trackLoginSuccess(&#10;    &lt;any string&gt;,&#10;    &quot;operator-stub-pt&quot;,&#10;    &quot;web&quot;,&#10;    &lt;any string&gt;&#10;);&#10;-&gt; at com.mytelco.customerbff.analytics.ProductAnalyticsService.trackLoginSuccess(ProductAnalyticsService.java:92)&#10;Actual invocations have different arguments at position [3]:&#10;com.mytelco.customerbff.analytics.ProductAnalyticsService#0 bean.trackLoginSuccess(&#10;    &quot;cust-1&quot;,&#10;    &quot;operator-stub-pt&quot;,&#10;    &quot;web&quot;,&#10;    null&#10;);&#10;-&gt; at com.mytelco.customerbff.controller.CustomerDashboardController.getAccountOverview(CustomerDashboardController.java:178)&#10;" type="Argument(s) are different! Wanted"><![CDATA[Argument(s) are different! Wanted:
com.mytelco.customerbff.analytics.ProductAnalyticsService#0 bean.trackLoginSuccess(
    <any string>,
    "operator-stub-pt",
    "web",
    <any string>
);
-> at com.mytelco.customerbff.analytics.ProductAnalyticsService.trackLoginSuccess(ProductAnalyticsService.java:92)
Actual invocations have different arguments at position [3]:
com.mytelco.customerbff.analytics.ProductAnalyticsService#0 bean.trackLoginSuccess(
    "cust-1",
    "operator-stub-pt",
    "web",
    null
);
-> at com.mytelco.customerbff.controller.CustomerDashboardController.getAccountOverview(CustomerDashboardController.java:178)

	at com.mytelco.customerbff.analytics.ProductAnalyticsService.trackLoginSuccess(ProductAnalyticsService.java:92)
	at com.mytelco.customerbff.CustomerDashboardControllerTest.getAccountOverview_shouldReturnMultiLinePayload(CustomerDashboardControllerTest.java:123)
	at java.base/java.lang.reflect.Method.invoke(Method.java:565)
	at java.base/java.util.ArrayList.forEach(ArrayList.java:1604)
	at java.base/java.util.ArrayList.forEach(ArrayList.java:1604)
]]></failure>
    <system-out><![CDATA[2026-03-21T20:34:18.224Z DEBUG [trace=,span=,corr=na] 1581 --- [customer-bff] [           main] [                                                 ] w.c.HttpSessionSecurityContextRepository : Created HttpSession as SecurityContext is non-default
2026-03-21T20:34:18.224Z DEBUG [trace=,span=,corr=na] 1581 --- [customer-bff] [           main] [                                                 ] w.c.HttpSessionSecurityContextRepository : Stored SecurityContextImpl [Authentication=UsernamePasswordAuthenticationToken [Principal=org.springframework.security.core.userdetails.User [Username=cust-1, Password=[PROTECTED], Enabled=true, AccountNonExpired=true, CredentialsNonExpired=true, AccountNonLocked=true, Granted Authorities=[ROLE_CUSTOMER]], Credentials=[PROTECTED], Authenticated=true, Details=null, Granted Authorities=[ROLE_CUSTOMER]]] to HttpSession [org.springframework.mock.web.MockHttpSession@6b9ce7a3]
2026-03-21T20:34:18.224Z DEBUG [trace=,span=,corr=fe771e5e-e824-4e1a-b6c1-6778641fafc5] 1581 --- [customer-bff] [           main] [                                                 ] o.s.security.web.FilterChainProxy        : Securing GET /api/v1/customer/account-overview
2026-03-21T20:34:18.224Z DEBUG [trace=,span=,corr=fe771e5e-e824-4e1a-b6c1-6778641fafc5] 1581 --- [customer-bff] [           main] [                                                 ] w.c.HttpSessionSecurityContextRepository : Retrieved SecurityContextImpl [Authentication=UsernamePasswordAuthenticationToken [Principal=org.springframework.security.core.userdetails.User [Username=cust-1, Password=[PROTECTED], Enabled=true, AccountNonExpired=true, CredentialsNonExpired=true, AccountNonLocked=true, Granted Authorities=[ROLE_CUSTOMER]], Credentials=[PROTECTED], Authenticated=true, Details=null, Granted Authorities=[ROLE_CUSTOMER]]]
2026-03-21T20:34:18.224Z DEBUG [trace=,span=,corr=fe771e5e-e824-4e1a-b6c1-6778641fafc5] 1581 --- [customer-bff] [           main] [                                                 ] o.s.security.web.FilterChainProxy        : Secured GET /api/v1/customer/account-overview
2026-03-21T20:34:18.227Z  INFO [trace=,span=,corr=fe771e5e-e824-4e1a-b6c1-6778641fafc5] 1581 --- [customer-bff] [           main] [                                                 ] c.m.c.config.CorrelationIdFilter         : http_request method=GET path=/api/v1/customer/account-overview status=200 durationMs=3

MockHttpServletRequest:
      HTTP Method = GET
      Request URI = /api/v1/customer/account-overview
       Parameters = {}
          Headers = []
             Body = null
    Session Attrs = {SPRING_SECURITY_CONTEXT=SecurityContextImpl [Authentication=UsernamePasswordAuthenticationToken [Principal=org.springframework.security.core.userdetails.User [Username=cust-1, Password=[PROTECTED], Enabled=true, AccountNonExpired=true, CredentialsNonExpired=true, AccountNonLocked=true, Granted Authorities=[ROLE_CUSTOMER]], Credentials=[PROTECTED], Authenticated=true, Details=null, Granted Authorities=[ROLE_CUSTOMER]]]}

Handler:
             Type = com.mytelco.customerbff.controller.CustomerDashboardController
           Method = com.mytelco.customerbff.controller.CustomerDashboardController#getAccountOverview(Authentication, String, String, String)

Async:
    Async started = false
     Async result = null

Resolved Exception:
             Type = null

ModelAndView:
        View name = null
             View = null
            Model = null

FlashMap:
       Attributes = null

MockHttpServletResponse:
           Status = 200
    Error message = null
          Headers = [X-Correlation-ID:"fe771e5e-e824-4e1a-b6c1-6778641fafc5", Vary:"Origin", "Access-Control-Request-Method", "Access-Control-Request-Headers", Content-Type:"application/json", X-Content-Type-Options:"nosniff", X-XSS-Protection:"0", Cache-Control:"no-cache, no-store, max-age=0, must-revalidate", Pragma:"no-cache", Expires:"0", X-Frame-Options:"DENY"]
     Content type = application/json
             Body = {"plan":"Premium Unlimited","activeLines":[{"lineId":"LINE-001","msisdn":"+351910000001","nickname":"Primary","status":"ACTIVE"},{"lineId":"LINE-002","msisdn":"+351910000002","nickname":"Family","status":"ACTIVE"}],"activeLineCount":2,"nextBillDate":"2026-03-20","outstandingAmount":24.99,"accountType":"POSTPAID","lineStructure":"MULTI_LINE_READY"}
    Forwarded URL = null
   Redirected URL = null
          Cookies = []
]]></system-out>
  </testcase>
  <testcase name="getDashboard_shouldReturnAggregatedData" classname="com.mytelco.customerbff.CustomerDashboardControllerTest" time="0.006">
    <failure message="&#10;Argument(s) are different! Wanted:&#10;com.mytelco.customerbff.analytics.ProductAnalyticsService#0 bean.trackLoginSuccess(&#10;    &lt;any string&gt;,&#10;    &quot;operator-stub-pt&quot;,&#10;    &quot;web&quot;,&#10;    &lt;any string&gt;&#10;);&#10;-&gt; at com.mytelco.customerbff.analytics.ProductAnalyticsService.trackLoginSuccess(ProductAnalyticsService.java:92)&#10;Actual invocations have different arguments at position [3]:&#10;com.mytelco.customerbff.analytics.ProductAnalyticsService#0 bean.trackLoginSuccess(&#10;    &quot;cust-1&quot;,&#10;    &quot;operator-stub-pt&quot;,&#10;    &quot;web&quot;,&#10;    null&#10;);&#10;-&gt; at com.mytelco.customerbff.controller.CustomerDashboardController.getDashboard(CustomerDashboardController.java:85)&#10;" type="Argument(s) are different! Wanted"><![CDATA[Argument(s) are different! Wanted:
com.mytelco.customerbff.analytics.ProductAnalyticsService#0 bean.trackLoginSuccess(
    <any string>,
    "operator-stub-pt",
    "web",
    <any string>
);
-> at com.mytelco.customerbff.analytics.ProductAnalyticsService.trackLoginSuccess(ProductAnalyticsService.java:92)
Actual invocations have different arguments at position [3]:
com.mytelco.customerbff.analytics.ProductAnalyticsService#0 bean.trackLoginSuccess(
    "cust-1",
    "operator-stub-pt",
    "web",
    null
);
-> at com.mytelco.customerbff.controller.CustomerDashboardController.getDashboard(CustomerDashboardController.java:85)

	at com.mytelco.customerbff.analytics.ProductAnalyticsService.trackLoginSuccess(ProductAnalyticsService.java:92)
	at com.mytelco.customerbff.CustomerDashboardControllerTest.getDashboard_shouldReturnAggregatedData(CustomerDashboardControllerTest.java:91)
	at java.base/java.lang.reflect.Method.invoke(Method.java:565)
	at java.base/java.util.ArrayList.forEach(ArrayList.java:1604)
	at java.base/java.util.ArrayList.forEach(ArrayList.java:1604)
]]></failure>
    <system-out><![CDATA[2026-03-21T20:34:18.229Z DEBUG [trace=,span=,corr=na] 1581 --- [customer-bff] [           main] [                                                 ] w.c.HttpSessionSecurityContextRepository : Created HttpSession as SecurityContext is non-default
2026-03-21T20:34:18.230Z DEBUG [trace=,span=,corr=na] 1581 --- [customer-bff] [           main] [                                                 ] w.c.HttpSessionSecurityContextRepository : Stored SecurityContextImpl [Authentication=UsernamePasswordAuthenticationToken [Principal=org.springframework.security.core.userdetails.User [Username=cust-1, Password=[PROTECTED], Enabled=true, AccountNonExpired=true, CredentialsNonExpired=true, AccountNonLocked=true, Granted Authorities=[ROLE_CUSTOMER]], Credentials=[PROTECTED], Authenticated=true, Details=null, Granted Authorities=[ROLE_CUSTOMER]]] to HttpSession [org.springframework.mock.web.MockHttpSession@47fca369]
2026-03-21T20:34:18.230Z DEBUG [trace=,span=,corr=7e0a1c0b-f27a-4b1b-91f1-f8253ceaa7da] 1581 --- [customer-bff] [           main] [                                                 ] o.s.security.web.FilterChainProxy        : Securing GET /api/v1/customer/dashboard
2026-03-21T20:34:18.230Z DEBUG [trace=,span=,corr=7e0a1c0b-f27a-4b1b-91f1-f8253ceaa7da] 1581 --- [customer-bff] [           main] [                                                 ] w.c.HttpSessionSecurityContextRepository : Retrieved SecurityContextImpl [Authentication=UsernamePasswordAuthenticationToken [Principal=org.springframework.security.core.userdetails.User [Username=cust-1, Password=[PROTECTED], Enabled=true, AccountNonExpired=true, CredentialsNonExpired=true, AccountNonLocked=true, Granted Authorities=[ROLE_CUSTOMER]], Credentials=[PROTECTED], Authenticated=true, Details=null, Granted Authorities=[ROLE_CUSTOMER]]]
2026-03-21T20:34:18.230Z DEBUG [trace=,span=,corr=7e0a1c0b-f27a-4b1b-91f1-f8253ceaa7da] 1581 --- [customer-bff] [           main] [                                                 ] o.s.security.web.FilterChainProxy        : Secured GET /api/v1/customer/dashboard
2026-03-21T20:34:18.233Z  INFO [trace=,span=,corr=7e0a1c0b-f27a-4b1b-91f1-f8253ceaa7da] 1581 --- [customer-bff] [           main] [                                                 ] c.m.c.config.CorrelationIdFilter         : http_request method=GET path=/api/v1/customer/dashboard status=200 durationMs=3

MockHttpServletRequest:
      HTTP Method = GET
      Request URI = /api/v1/customer/dashboard
       Parameters = {}
          Headers = []
             Body = null
    Session Attrs = {SPRING_SECURITY_CONTEXT=SecurityContextImpl [Authentication=UsernamePasswordAuthenticationToken [Principal=org.springframework.security.core.userdetails.User [Username=cust-1, Password=[PROTECTED], Enabled=true, AccountNonExpired=true, CredentialsNonExpired=true, AccountNonLocked=true, Granted Authorities=[ROLE_CUSTOMER]], Credentials=[PROTECTED], Authenticated=true, Details=null, Granted Authorities=[ROLE_CUSTOMER]]]}

Handler:
             Type = com.mytelco.customerbff.controller.CustomerDashboardController
           Method = com.mytelco.customerbff.controller.CustomerDashboardController#getDashboard(Authentication, String, String, String)

Async:
    Async started = false
     Async result = null

Resolved Exception:
             Type = null

ModelAndView:
        View name = null
             View = null
            Model = null

FlashMap:
       Attributes = null

MockHttpServletResponse:
           Status = 200
    Error message = null
          Headers = [X-Correlation-ID:"7e0a1c0b-f27a-4b1b-91f1-f8253ceaa7da", Vary:"Origin", "Access-Control-Request-Method", "Access-Control-Request-Headers", Content-Type:"application/json", X-Content-Type-Options:"nosniff", X-XSS-Protection:"0", Cache-Control:"no-cache, no-store, max-age=0, must-revalidate", Pragma:"no-cache", Expires:"0", X-Frame-Options:"DENY"]
     Content type = application/json
             Body = {"accountSummary":{"accountId":"ACC-123","accountStatus":"ACTIVE","planName":"Premium","createdAt":null,"primaryMsisdn":"+351123"},"usageSummary":{"dataUsedMb":4500,"dataLimitMb":10000,"voiceMinutesUsed":320,"voiceMinutesLimit":1000,"smsUsed":45,"smsLimit":500,"dataUsagePercent":45.0,"voiceUsagePercent":32.0,"smsUsagePercent":9.0},"billingSummary":{"currentBalance":29.99,"lastPaymentAmount":49.99,"lastPaymentDate":null,"nextPaymentDueDate":null,"paymentMethod":"Credit Card","autoPayEnabled":true},"responseTime":"2026-03-21T20:34:18.229620Z"}
    Forwarded URL = null
   Redirected URL = null
          Cookies = []
]]></system-out>
  </testcase>
</testsuite>